mktextfm ecrm1200
mktextfm pzdr
mktextfm psyr
mktextfm ecrm1200
mktextfm pzdr
mktextfm psyr
mktextfm ecrm1200
mktextfm ecrm1440
mktextfm ectt1200
mktextfm eccc1200
mktextfm eccc1728
mktextfm ecrm1728
mktextfm ecrm1095
mktextfm ecrm2488
mktextfm ecbx2488
mktextfm ecti1440
mktextfm ecbx1200
mktextfm ecti1200
mktextfm ecsl1200
mktextfm ecrm1200
mktextfm pzdr
mktextfm psyr
mktextfm ecrm1200
mktextfm pzdr
mktextfm psyr
mktextfm ecrm1200
mktextfm pzdr
mktextfm psyr
mktextfm ecrm1200
mktextfm pzdr
mktextfm psyr
mktextfm ecrm1200
mktextfm pzdr
mktextfm psyr
mktextfm ecrm1200
mktextfm pzdr
mktextfm psyr
mktextfm ecrm1440
mktextfm eccc1200
mktextfm eccc1728
mktextfm ecrm1728
mktextfm ecrm1095
mktextfm ecrm2488
mktextfm ecbx2488
mktextfm ecti1440
mktextfm ecbx1200
mktextfm ecti1200
mktextfm ecsl1200
mktextfm ecbx1728
mktextfm ectt1200
mktextfm ecbx1440
mktextfm ecrm1000
mktextfm ecti1000
mktextfm ecti1095
mktextfm ectt1000
mktextfm ecbi1728
mktextfm ecrm1200
mktextfm pzdr
mktextfm psyr
mktextfm ecrm1440
mktextfm eccc1200
mktextfm eccc1728
mktextfm ecrm1728
mktextfm ecrm1095
mktextfm ecrm2488
mktextfm ecbx2488
mktextfm ecti1440
mktextfm ecbx1200
mktextfm ecti1200
mktextfm ecsl1200
mktextfm ecrm1200
mktextfm ecrm1440
mktextfm eccc1200
mktextfm eccc1728
mktextfm ecrm1728
mktextfm ecrm1095
mktextfm ecrm2488
mktextfm ecbx2488
mktextfm ecti1440
mktextfm ecbx1200
mktextfm ecti1200
mktextfm ecsl1200
mktextfm ecrm1200
mktextfm pzdr
mktextfm psyr
mktextfm ecrm1440
mktextfm eccc1200
mktextfm eccc1728
mktextfm ecrm1728
mktextfm ecrm1095
mktextfm ecrm2488
mktextfm ecbx2488
mktextfm ecti1440
mktextfm ecbx1200
mktextfm ecti1200
mktextfm ecsl1200
