\BOOKMARK [0][-]{section*.5}{Introduction}{}% 1
\BOOKMARK [0][-]{chapter.1}{Stereoscopic Video}{}% 2
\BOOKMARK [1][-]{section.1.1}{Stereo vision}{chapter.1}% 3
\BOOKMARK [2][-]{subsection.1.1.1}{Acquisition of stereoscopic images}{section.1.1}% 4
\BOOKMARK [2][-]{subsection.1.1.2}{Disparity map computation}{section.1.1}% 5
\BOOKMARK [1][-]{section.1.2}{3D capturing devices}{chapter.1}% 6
\BOOKMARK [1][-]{section.1.3}{3D video displays}{chapter.1}% 7
\BOOKMARK [0][-]{chapter.2}{Stereo video watermarking}{}% 8
\BOOKMARK [1][-]{section.2.1}{Watermaking}{chapter.2}% 9
\BOOKMARK [2][-]{subsection.2.1.1}{Properties}{section.2.1}% 10
\BOOKMARK [2][-]{subsection.2.1.2}{Embedding domains}{section.2.1}% 11
\BOOKMARK [2][-]{subsection.2.1.3}{Embedding techniques}{section.2.1}% 12
\BOOKMARK [1][-]{section.2.2}{Stereoscopic video watermarking}{chapter.2}% 13
\BOOKMARK [2][-]{subsection.2.2.1}{Embedding domain}{section.2.2}% 14
\BOOKMARK [2][-]{subsection.2.2.2}{Transparency evaluation}{section.2.2}% 15
\BOOKMARK [2][-]{subsection.2.2.3}{Robustness}{section.2.2}% 16
\BOOKMARK [0][-]{chapter.3}{Spatial disparity-coherent watermarking}{}% 17
\BOOKMARK [1][-]{section.3.1}{Spatial disparity-coherent watermarking}{chapter.3}% 18
\BOOKMARK [2][-]{subsection.3.1.1}{Prior work}{section.3.1}% 19
\BOOKMARK [2][-]{subsection.3.1.2}{ Gaussian-noise disparity-coherent watermarking}{section.3.1}% 20
\BOOKMARK [0][-]{chapter.4}{Frequency disparity-coherent watermarking}{}% 21
\BOOKMARK [1][-]{section.4.1}{ALGORITMO DEL PROF}{chapter.4}% 22
\BOOKMARK [2][-]{subsection.4.1.1}{Watermark embedding}{section.4.1}% 23
\BOOKMARK [2][-]{subsection.4.1.2}{Watermark detection}{section.4.1}% 24
\BOOKMARK [1][-]{section.4.2}{Stereo watermarking algorithm}{chapter.4}% 25
\BOOKMARK [1][-]{section.4.3}{Stereo detection algorithm}{chapter.4}% 26
\BOOKMARK [0][-]{chapter.5}{Conclusions}{}% 27
\BOOKMARK [0][-]{section*.38}{Bibliografia}{}% 28
